<?xml version="1.0" encoding="UTF-8"?>
<Site BuildName="(empty)"
	BuildStamp="20230724-2157-Experimental"
	Name="helena-Inspiron-5402"
	Generator="ctest-3.16.3"
	CompilerName="/usr/lib/ccache/g++"
	CompilerVersion="9.4.0"
	OSName="Linux"
	Hostname="helena-Inspiron-5402"
	OSRelease="5.15.0-76-generic"
	OSVersion="#83~20.04.1-Ubuntu SMP Wed Jun 21 20:23:31 UTC 2023"
	OSPlatform="x86_64"
	Is64Bits="1"
	VendorString="GenuineIntel"
	VendorID="Intel Corporation"
	FamilyID="6"
	ModelID="140"
	ProcessorCacheSize="12288"
	NumberOfLogicalCPU="8"
	NumberOfPhysicalCPU="4"
	TotalVirtualMemory="2047"
	TotalPhysicalMemory="15717"
	LogicalProcessorsPerPhysical="2"
	ProcessorClockFrequency="2965.57"
	>
	<Testing>
		<StartDateTime>Jul 24 18:57 -03</StartDateTime>
		<StartTestTime>1690235848</StartTestTime>
		<TestList/>
		<EndDateTime>Jul 24 18:57 -03</EndDateTime>
		<EndTestTime>1690235848</EndTestTime>
		<ElapsedMinutes>0</ElapsedMinutes>
	</Testing>
</Site>
